-------------COMPRESS SUMMARY-------------------
Date:
2025-01-08_13:48:16
Compress Status:
No files to compress
Files:

Into:

Error:
-------------COMPRESS SUMMARY-------------------
Date:
2025-01-08_13:48:33
Compress Status:
Compress success
Files:
./var/log/webserver/43dayslog.log
Into:
Into: logs-backup2025-01-08_13:48:33.tar.gz
Error:
-------------COMPRESS SUMMARY-------------------
Date:
2025-01-08_13:49:34
Compress Status:
No files to compress
Files:

Into:

Error:
-------------COMPRESS SUMMARY-------------------
Date:
2025-01-08_13:49:57
Compress Status:
No files to compress
Files:

Into:

Error:
-------------COMPRESS SUMMARY-------------------
Date:
2025-01-08_13:50:23
Compress Status:
No files to compress
Files:

Into:

Error:
-------------COMPRESS SUMMARY-------------------
Date:
2025-01-08_13:51:39
Compress Status:
Compress success
Files:
./var/log/webserver/43dayslog.log
Into:
Into: logs-backup2025-01-08_13:51:39.tar.gz
Error:
-------------COMPRESS SUMMARY-------------------
Date:
2025-01-08_13:52:45
Compress Status:
No files to compress
Files:

Into:

Error:
-------------COMPRESS SUMMARY-------------------
Date:
2025-01-08_13:53:13
Compress Status:
Compress success
Files:
./var/log/webserver/43dayslog.log
Into:
Into: logs-backup2025-01-08_13:53:13.tar.gz
Error:
-------------COMPRESS SUMMARY-------------------
Date:
2025-01-08_13:54:00
Compress Status:
No files to compress
Files:

Into:

Error:
-------------COMPRESS SUMMARY-------------------
Date:
2025-01-08_13:54:28
Compress Status:
Compress success
Files:
./var/log/webserver/43dayslog.log
Into:
Into: logs-backup2025-01-08_13:54:28.tar.gz
Error:
-------------COMPRESS SUMMARY-------------------
Date:
2025-01-08_13:55:20
Compress Status:
Compress success
Files:
./var/log/webserver/43dayslog.log
Into:
Into: logs-backup2025-01-08_13:55:20.tar.gz
Error:
